Seeds: 2  threads: 1  max_fetches: 10000  mode: policy-driven (v1)

── wave 1: 2 paths, budget=10000, threads=1 ──
  fetch_noop[   1]  /Reports/
  fetch_noop[   2]  /Data_Archive/

── wave 2: 3 paths, budget=9998, threads=1 ──
  fetch_noop[   3]  /Reports/ARCHIVE/
  fetch_noop[   4]  /Reports/CURRENT/
  fetch_noop[   5]  /Data_Archive/Wholesale_Electricity/

── wave 3: 174 paths, budget=9995, threads=1 ──
  fetch[   1]       /Reports/ARCHIVE/Adjusted_Prices_Reports/
  fetch[   2]       /Reports/ARCHIVE/Bidmove_Complete/
  fetch_noop[   6]  /Reports/ARCHIVE/Bidmove_Summary/
  fetch[   3]       /Reports/ARCHIVE/Billing/
  fetch[   4]       /Reports/ARCHIVE/Causer_Pays_Scada/
  fetch_noop[   7]  /Reports/ARCHIVE/CDEII/
  fetch[   5]       /Reports/ARCHIVE/Daily_Reports/
  fetch_noop[   8]  /Reports/ARCHIVE/DAILYOCD/
  fetch[   6]       /Reports/ARCHIVE/Dispatch_IRSR/
  fetch[   7]       /Reports/ARCHIVE/Dispatch_Negative_Residue/
  fetch[   8]       /Reports/ARCHIVE/Dispatch_Reports/
  fetch[   9]       /Reports/ARCHIVE/Dispatch_SCADA/
  fetch[  10]       /Reports/ARCHIVE/DISPATCHFCST/
  fetch_noop[   9]  /Reports/ARCHIVE/DispatchIS_FCAS_Fix/
  fetch[  11]       /Reports/ARCHIVE/DispatchIS_Reports/
  fetch[  12]       /Reports/ARCHIVE/Dispatchprices_PRE_AP/
  fetch[  13]       /Reports/ARCHIVE/FPPDAILY/
  fetch[  14]       /Reports/ARCHIVE/FPPRATES/
  fetch[  15]       /Reports/ARCHIVE/FPPRUN/
  fetch_noop[  10]  /Reports/ARCHIVE/GBB/
  fetch_noop[  11]  /Reports/ARCHIVE/GSH/
  fetch[  16]       /Reports/ARCHIVE/HistDemand/
  fetch_noop[  12]  /Reports/ARCHIVE/Market_Notice/
  fetch[  17]       /Reports/ARCHIVE/MCCDispatch/
  fetch[  18]       /Reports/ARCHIVE/Medium_Term_PASA_Reports/
  fetch[  19]       /Reports/ARCHIVE/MTPASA_DUIDAvailability/
  fetch[  20]       /Reports/ARCHIVE/MTPASA_RegionAvailability/
  fetch[  21]       /Reports/ARCHIVE/Network/
  fetch[  22]       /Reports/ARCHIVE/Next_Day_Actual_Gen/
  fetch[  23]       /Reports/ARCHIVE/NEXT_DAY_AVAIL_SUBMISS_CLUSTER/
  fetch[  24]       /Reports/ARCHIVE/NEXT_DAY_AVAIL_SUBMISS_DAY/
  fetch[  25]       /Reports/ARCHIVE/Next_Day_Dispatch/
  fetch[  26]       /Reports/ARCHIVE/Next_Day_Intermittent_DS/
  fetch[  27]       /Reports/ARCHIVE/Next_Day_Intermittent_Gen_Scada/
  fetch[  28]       /Reports/ARCHIVE/NEXT_DAY_MCCDISPATCH/
  fetch_noop[  13]  /Reports/ARCHIVE/Next_Day_Offer_Energy/
  fetch_noop[  14]  /Reports/ARCHIVE/NEXT_DAY_OFFER_ENERGY)SPARSE/
  fetch[  29]       /Reports/ARCHIVE/Next_Day_Offer_Energy_SPARSE/
  fetch_noop[  15]  /Reports/ARCHIVE/Next_Day_Offer_FCAS/
  fetch[  30]       /Reports/ARCHIVE/Next_Day_Offer_FCAS_SPARSE/
  fetch[  31]       /Reports/ARCHIVE/Next_Day_PreDispatch/
  fetch[  32]       /Reports/ARCHIVE/Next_Day_PreDispatchD/
  fetch_noop[  16]  /Reports/ARCHIVE/Next_Day_Trading/
  fetch_noop[  17]  /Reports/ARCHIVE/Operational_Demand/
  fetch_noop[  18]  /Reports/ARCHIVE/Operational_Demand_Less_SNSG/
  fetch[  33]       /Reports/ARCHIVE/P5_Reports/
  fetch[  34]       /Reports/ARCHIVE/P5MINFCST/
  fetch[  35]       /Reports/ARCHIVE/PDPASA/
  fetch[  36]       /Reports/ARCHIVE/PDPASA_DUIDAVAILABILITY/
  fetch[  37]       /Reports/ARCHIVE/Predispatch_IRSR/
  fetch[  38]       /Reports/ARCHIVE/Predispatch_Reports/
  fetch[  39]       /Reports/ARCHIVE/Predispatch_Sensitivities/
  fetch[  40]       /Reports/ARCHIVE/PREDISPATCHFCST/
  fetch[  41]       /Reports/ARCHIVE/PredispatchIS_Reports/
  fetch[  42]       /Reports/ARCHIVE/Public_Prices/
  fetch_noop[  19]  /Reports/ARCHIVE/ROOFTOP_PV/
  fetch[  43]       /Reports/ARCHIVE/Settlements/
  fetch[  44]       /Reports/ARCHIVE/SEVENDAYOUTLOOK_FULL/
  fetch[  45]       /Reports/ARCHIVE/SEVENDAYOUTLOOK_PEAK/
  fetch[  46]       /Reports/ARCHIVE/Short_Term_PASA_Reports/
  fetch[  47]       /Reports/ARCHIVE/STPASA_DUIDAVAILABILITY/
  fetch[  48]       /Reports/ARCHIVE/Trading_Cumulative_Price/
  fetch[  49]       /Reports/ARCHIVE/Trading_IRSR/
  fetch[  50]       /Reports/ARCHIVE/TradingIS_Reports/
  fetch[  51]       /Reports/ARCHIVE/WDR_CAPACITY_NO_SCADA/
  fetch_noop[  20]  /Reports/ARCHIVE/Weekly_Bulletin/
  fetch_noop[  21]  /Reports/ARCHIVE/Yesterdays_Bids_Reports/
  fetch_noop[  22]  /Reports/ARCHIVE/Yesterdays_MNSPBids_Reports/
  fetch[  52]       /Reports/CURRENT/Adjusted_Prices_Reports/
  fetch_noop[  23]  /Reports/CURRENT/Alt_Limits/
  fetch_noop[  24]  /Reports/CURRENT/Ancillary_Services_Payments/
  fetch[  53]       /Reports/CURRENT/ANCILLARY_SERVICES_REPORTS/
  fetch[  54]       /Reports/CURRENT/Auction_Units_Reports/
  fetch[  55]       /Reports/CURRENT/Bidmove_Complete/
  fetch_noop[  25]  /Reports/CURRENT/Bidmove_Summary/
  fetch_noop[  26]  /Reports/CURRENT/Billing/
  fetch_noop[  27]  /Reports/CURRENT/Causer_Pays/
  fetch_noop[  28]  /Reports/CURRENT/Causer_Pays_Elements/
  fetch_noop[  29]  /Reports/CURRENT/Causer_Pays_Rslcpf/
  fetch_noop[  30]  /Reports/CURRENT/Causer_Pays_Scada/
  fetch[  56]       /Reports/CURRENT/CDEII/
  fetch_noop[  31]  /Reports/CURRENT/CSC_CSP_ConstraintList/
  fetch[  57]       /Reports/CURRENT/CSC_CSP_Settlements/
  fetch[  58]       /Reports/CURRENT/Daily_Reports/
  fetch[  59]       /Reports/CURRENT/DAILYOCD/
  fetch[  60]       /Reports/CURRENT/Directions_Reconciliation/
  fetch[  61]       /Reports/CURRENT/Dispatch_IRSR/
  fetch[  62]       /Reports/CURRENT/DISPATCH_NEGATIVE_RESIDUE/
  fetch[  63]       /Reports/CURRENT/Dispatch_Reports/
  fetch[  64]       /Reports/CURRENT/Dispatch_SCADA/
  fetch[  65]       /Reports/CURRENT/DISPATCHFCST/
  fetch[  66]       /Reports/CURRENT/DISPATCHIS_PRICE_REVISIONS/
  fetch[  67]       /Reports/CURRENT/DispatchIS_Reports/
  fetch[  68]       /Reports/CURRENT/Dispatchprices_PRE_AP/
  fetch_noop[  32]  /Reports/CURRENT/DWGM/
  fetch[  69]       /Reports/CURRENT/ECGS/
  fetch[  70]       /Reports/CURRENT/FPP/
  fetch[  71]       /Reports/CURRENT/FPP_HIST_REG_PERF/
  fetch[  72]       /Reports/CURRENT/FPPDAILY/
  fetch[  73]       /Reports/CURRENT/FPPRATES/
  fetch[  74]       /Reports/CURRENT/FPPRUN/
  fetch_noop[  33]  /Reports/CURRENT/Gas_Supply_Guarantee/
  fetch_noop[  34]  /Reports/CURRENT/GBB/
  fetch_noop[  35]  /Reports/CURRENT/GSH/
  fetch[  75]       /Reports/CURRENT/HighImpactOutages/
  fetch[  76]       /Reports/CURRENT/HistDemand/
  fetch_noop[  36]  /Reports/CURRENT/IBEI/
  fetch[  77]       /Reports/CURRENT/Marginal_Loss_Factors/
  fetch[  78]       /Reports/CURRENT/Market_Notice/
  fetch[  79]       /Reports/CURRENT/MCCDispatch/
  fetch[  80]       /Reports/CURRENT/Medium_Term_PASA_Reports/
  fetch[  81]       /Reports/CURRENT/Mktsusp_Pricing/
  fetch_noop[  37]  /Reports/CURRENT/MMSDataModelReport/
  fetch[  82]       /Reports/CURRENT/MTPASA_DUIDAvailability/
  fetch[  83]       /Reports/CURRENT/MTPASA_RegionAvailability/
  fetch[  84]       /Reports/CURRENT/Network/
  fetch[  85]       /Reports/CURRENT/Next_Day_Actual_Gen/
  fetch[  86]       /Reports/CURRENT/NEXT_DAY_AVAIL_SUBMISS_CLUSTER/
  fetch[  87]       /Reports/CURRENT/NEXT_DAY_AVAIL_SUBMISS_DAY/
  fetch[  88]       /Reports/CURRENT/Next_Day_Dispatch/
  fetch[  89]       /Reports/CURRENT/Next_Day_Intermittent_DS/
  fetch[  90]       /Reports/CURRENT/Next_Day_Intermittent_Gen_Scada/
  fetch[  91]       /Reports/CURRENT/NEXT_DAY_MCCDISPATCH/
  fetch_noop[  38]  /Reports/CURRENT/Next_Day_Offer_Energy/
  fetch[  92]       /Reports/CURRENT/Next_Day_Offer_Energy_SPARSE/
  fetch_noop[  39]  /Reports/CURRENT/Next_Day_Offer_FCAS/
  fetch[  93]       /Reports/CURRENT/Next_Day_Offer_FCAS_SPARSE/
  fetch[  94]       /Reports/CURRENT/Next_Day_PreDispatch/
  fetch[  95]       /Reports/CURRENT/Next_Day_PreDispatchD/
  fetch_noop[  40]  /Reports/CURRENT/Next_Day_Trading/
  fetch_noop[  41]  /Reports/CURRENT/Operational_Demand/
  fetch_noop[  42]  /Reports/CURRENT/Operational_Demand_Less_SNSG/
  fetch[  96]       /Reports/CURRENT/P5_Reports/
  fetch[  97]       /Reports/CURRENT/P5MINFCST/
  fetch_noop[  43]  /Reports/CURRENT/PasaSnap/
  fetch[  98]       /Reports/CURRENT/PD7Day/
  fetch[  99]       /Reports/CURRENT/PDPASA/
  fetch[ 100]       /Reports/CURRENT/PDPASA_DUIDAvailability/
  fetch[ 101]       /Reports/CURRENT/Predispatch_IRSR/
  fetch[ 102]       /Reports/CURRENT/Predispatch_Reports/
  fetch[ 103]       /Reports/CURRENT/Predispatch_Sensitivities/
  fetch[ 104]       /Reports/CURRENT/PREDISPATCHFCST/
  fetch[ 105]       /Reports/CURRENT/PredispatchIS_Reports/
  fetch[ 106]       /Reports/CURRENT/Public_Prices/
  fetch_noop[  44]  /Reports/CURRENT/PublishedModelDataAccess/
  fetch[ 107]       /Reports/CURRENT/Regional_Summary_Report/
  fetch_noop[  45]  /Reports/CURRENT/Reserve_Contract_Recovery/
  fetch_noop[  46]  /Reports/CURRENT/ROOFTOP_PV/
  fetch[ 108]       /Reports/CURRENT/Settlements/
  fetch[ 109]       /Reports/CURRENT/SEVENDAYOUTLOOK_FULL/
  fetch[ 110]       /Reports/CURRENT/SEVENDAYOUTLOOK_PEAK/
  fetch[ 111]       /Reports/CURRENT/Short_Term_PASA_Reports/
  fetch_noop[  47]  /Reports/CURRENT/SRA_Bids/
  fetch[ 112]       /Reports/CURRENT/SRA_NSR_RECONCILIATION/
  fetch_noop[  48]  /Reports/CURRENT/SRA_Offers/
  fetch_noop[  49]  /Reports/CURRENT/SRA_Results/
  fetch[ 113]       /Reports/CURRENT/SSM_ENABLEMENT_COSTS/
  fetch[ 114]       /Reports/CURRENT/SSM_ENABLEMENT_PERIOD/
  fetch[ 115]       /Reports/CURRENT/STPASA_DUIDAvailability/
  fetch[ 116]       /Reports/CURRENT/STTM/
  fetch_noop[  50]  /Reports/CURRENT/SupplyDemand/
  fetch[ 117]       /Reports/CURRENT/Trading_Cumulative_Price/
  fetch[ 118]       /Reports/CURRENT/Trading_IRSR/
  fetch[ 119]       /Reports/CURRENT/TradingIS_Reports/
  fetch[ 120]       /Reports/CURRENT/VicGas/
  fetch[ 121]       /Reports/CURRENT/Vwa_Fcas_Prices/
  fetch[ 122]       /Reports/CURRENT/WDR_CAPACITY_NO_SCADA/
  fetch_noop[  51]  /Reports/CURRENT/Weekly_Bulletin/
  fetch_noop[  52]  /Reports/CURRENT/Weekly_Constraint_Reports/
  fetch_noop[  53]  /Reports/CURRENT/Yesterdays_Bids_Reports/
  fetch_noop[  54]  /Reports/CURRENT/Yesterdays_MNSPBids_Reports/
  fetch_noop[  55]  /Data_Archive/Wholesale_Electricity/FCAS_Causer_Pays/
  fetch_noop[  56]  /Data_Archive/Wholesale_Electricity/MMSDM/
  fetch_noop[  57]  /Data_Archive/Wholesale_Electricity/NEMDE/

── wave 4: 120 paths, budget=9821, threads=1 ──
  fetch[ 123]       /Reports/ARCHIVE/GSH/Benchmark_Price/
  fetch[ 124]       /Reports/ARCHIVE/GSH/GSH_AUCTION_CURTAILMENT_NOTICE/
  fetch[ 125]       /Reports/ARCHIVE/GSH/GSH_AUCTION_PRICE_VOLUME/
  fetch[ 126]       /Reports/ARCHIVE/GSH/GSH_AUCTION_QUANTITIES/
  fetch_noop[  58]  /Reports/ARCHIVE/GSH/GSH_CAPACITY_TRANSACTION/
  fetch_noop[  59]  /Reports/ARCHIVE/GSH/GSH_CAPACITY_TRANSFER_AUCTION_NOTICE/
  fetch[ 127]       /Reports/ARCHIVE/GSH/GSH_Daily_Trans_Summary/
  fetch[ 128]       /Reports/ARCHIVE/GSH/GSH_Historical_Trans_Summary/
  fetch[ 129]       /Reports/ARCHIVE/GSH/GSH_Participants/
  fetch[ 130]       /Reports/ARCHIVE/GSH/GSH_REGISTERED_FACILITIES/
  fetch[ 131]       /Reports/ARCHIVE/GSH/GSH_REGISTERED_SERVICE_POINTS/
  fetch[ 132]       /Reports/ARCHIVE/GSH/GSH_REVISED_AUCTION_QUANTITIES/
  fetch[ 133]       /Reports/ARCHIVE/GSH/GSH_ZONE_CURTAILMENT_INFORMATION/
  fetch[ 134]       /Reports/ARCHIVE/Operational_Demand/ACTUAL_DAILY/
  fetch[ 135]       /Reports/ARCHIVE/Operational_Demand/ACTUAL_DAILY_AREA/
  fetch[ 136]       /Reports/ARCHIVE/Operational_Demand/ACTUAL_HH/
  fetch[ 137]       /Reports/ARCHIVE/Operational_Demand/ACTUAL_HH_AREA/
  fetch[ 138]       /Reports/ARCHIVE/Operational_Demand/FORECAST_HH/
  fetch[ 139]       /Reports/ARCHIVE/Operational_Demand/FORECAST_HH_AREA/
  fetch[ 140]       /Reports/ARCHIVE/Operational_Demand_Less_SNSG/ACTUAL_DAILY/
  fetch[ 141]       /Reports/ARCHIVE/Operational_Demand_Less_SNSG/ACTUAL_HH/
  fetch[ 142]       /Reports/ARCHIVE/ROOFTOP_PV/ACTUAL/
  fetch[ 143]       /Reports/ARCHIVE/ROOFTOP_PV/ACTUAL_AREA/
  fetch[ 144]       /Reports/ARCHIVE/ROOFTOP_PV/FORECAST/
  fetch[ 145]       /Reports/ARCHIVE/ROOFTOP_PV/FORECAST_AREA/
  fetch_noop[  60]  /Reports/CURRENT/Dispatch_IRSR/DUPLICATE/
  fetch_noop[  61]  /Reports/CURRENT/DISPATCH_NEGATIVE_RESIDUE/DUPLICATE/
  fetch_noop[  62]  /Reports/CURRENT/Dispatch_Reports/DUPLICATE/
  fetch_noop[  63]  /Reports/CURRENT/Dispatch_SCADA/DUPLICATE/
  fetch_noop[  64]  /Reports/CURRENT/Dispatchprices_PRE_AP/DUPLICATE/
  fetch_noop[  65]  /Reports/CURRENT/DWGM/MOS%20Estimates/
  fetch[ 146]       /Reports/CURRENT/ECGS/ECGS_Notices/
  fetch_noop[  66]  /Reports/CURRENT/GBB/DUPLICATE/
  fetch[ 147]       /Reports/CURRENT/GBB/ForecastUtilisation/
  fetch_noop[  67]  /Reports/CURRENT/GBB/GBB_PIPELINE_CONNECTION_FLOW/
  fetch[ 148]       /Reports/CURRENT/GSH/Benchmark_Price/
  fetch[ 149]       /Reports/CURRENT/GSH/GSH_AUCTION_CURTAILMENT_NOTICE/
  fetch[ 150]       /Reports/CURRENT/GSH/GSH_AUCTION_PRICE_VOLUME/
  fetch[ 151]       /Reports/CURRENT/GSH/GSH_AUCTION_QUANTITIES/
  fetch_noop[  68]  /Reports/CURRENT/GSH/GSH_CAPACITY_TRANSACTION/
  fetch_noop[  69]  /Reports/CURRENT/GSH/GSH_CAPACITY_TRANSFER_AUCTION_NOTICE/
  fetch[ 152]       /Reports/CURRENT/GSH/GSH_Daily_Trans_Summary/
  fetch[ 153]       /Reports/CURRENT/GSH/GSH_Historical_Trans_Summary/
  fetch[ 154]       /Reports/CURRENT/GSH/GSH_Participants/
  fetch[ 155]       /Reports/CURRENT/GSH/GSH_REGISTERED_FACILITIES/
  fetch[ 156]       /Reports/CURRENT/GSH/GSH_REGISTERED_SERVICE_POINTS/
  fetch[ 157]       /Reports/CURRENT/GSH/GSH_REVISED_AUCTION_QUANTITIES/
  fetch_noop[  70]  /Reports/CURRENT/GSH/GSH_ZONE_CURTAILMENT_INFORMATION/
  fetch_noop[  71]  /Reports/CURRENT/MCCDispatch/DUPLICATE/
  fetch_noop[  72]  /Reports/CURRENT/MMSDataModelReport/Electricity/
  fetch_noop[  73]  /Reports/CURRENT/MMSDataModelReport/Gas/
  fetch_noop[  74]  /Reports/CURRENT/MMSDataModelReport/PDRCONFIG/
  fetch_noop[  75]  /Reports/CURRENT/Next_Day_Intermittent_DS/DUPLICATE/
  fetch_noop[  76]  /Reports/CURRENT/Next_Day_PreDispatch/DUPLICATE/
  fetch[ 158]       /Reports/CURRENT/Operational_Demand/ACTUAL_5MIN/
  fetch[ 159]       /Reports/CURRENT/Operational_Demand/ACTUAL_DAILY/
  fetch[ 160]       /Reports/CURRENT/Operational_Demand/ACTUAL_DAILY_AREA/
  fetch[ 161]       /Reports/CURRENT/Operational_Demand/ACTUAL_HH/
  fetch[ 162]       /Reports/CURRENT/Operational_Demand/ACTUAL_HH_AREA/
  fetch_noop[  77]  /Reports/CURRENT/Operational_Demand/ACTUAL_UPDATE/
  fetch_noop[  78]  /Reports/CURRENT/Operational_Demand/ACTUAL_UPDATE_AREA/
  fetch[ 163]       /Reports/CURRENT/Operational_Demand/FORECAST_HH/
  fetch[ 164]       /Reports/CURRENT/Operational_Demand/FORECAST_HH_AREA/
  fetch[ 165]       /Reports/CURRENT/Operational_Demand_Less_SNSG/ACTUAL_DAILY/
  fetch[ 166]       /Reports/CURRENT/Operational_Demand_Less_SNSG/ACTUAL_HH/
  fetch_noop[  79]  /Reports/CURRENT/Operational_Demand_Less_SNSG/ACTUAL_UPDATE/
  fetch_noop[  80]  /Reports/CURRENT/P5_Reports/DUPLICATE/
  fetch_noop[  81]  /Reports/CURRENT/P5MINFCST/DUPLICATE/
  fetch_noop[  82]  /Reports/CURRENT/Predispatch_Reports/DUPLICATE/
  fetch_noop[  83]  /Reports/CURRENT/Predispatch_Sensitivities/DUPLICATE/
  fetch_noop[  84]  /Reports/CURRENT/PredispatchIS_Reports/DUPLICATE/
  fetch[ 167]       /Reports/CURRENT/ROOFTOP_PV/ACTUAL/
  fetch[ 168]       /Reports/CURRENT/ROOFTOP_PV/ACTUAL_AREA/
  fetch[ 169]       /Reports/CURRENT/ROOFTOP_PV/FORECAST/
  fetch[ 170]       /Reports/CURRENT/ROOFTOP_PV/FORECAST_AREA/
  fetch_noop[  85]  /Reports/CURRENT/SEVENDAYOUTLOOK_FULL/DUPLICATE/
  fetch_noop[  86]  /Reports/CURRENT/STTM/Contingency_Gas/
  fetch_noop[  87]  /Reports/CURRENT/STTM/MOS%20Estimates/
  fetch_noop[  88]  /Reports/CURRENT/Trading_Cumulative_Price/DUPLICATE/
  fetch_noop[  89]  /Reports/CURRENT/TradingIS_Reports/DUPLICATE/
  fetch_noop[  90]  /Reports/CURRENT/Yesterdays_Bids_Reports/DUPLICATE/
  fetch_noop[  91]  /Data_Archive/Wholesale_Electricity/MMSDM/2009/
  fetch_noop[  92]  /Data_Archive/Wholesale_Electricity/MMSDM/2010/
  fetch_noop[  93]  /Data_Archive/Wholesale_Electricity/MMSDM/2011/
  fetch_noop[  94]  /Data_Archive/Wholesale_Electricity/MMSDM/2012/
  fetch_noop[  95]  /Data_Archive/Wholesale_Electricity/MMSDM/2013/
  fetch_noop[  96]  /Data_Archive/Wholesale_Electricity/MMSDM/2014/
  fetch_noop[  97]  /Data_Archive/Wholesale_Electricity/MMSDM/2015/
  fetch_noop[  98]  /Data_Archive/Wholesale_Electricity/MMSDM/2016/
  fetch_noop[  99]  /Data_Archive/Wholesale_Electricity/MMSDM/2017/
  fetch_noop[ 100]  /Data_Archive/Wholesale_Electricity/MMSDM/2018/
  fetch_noop[ 101]  /Data_Archive/Wholesale_Electricity/MMSDM/2019/
  fetch_noop[ 102]  /Data_Archive/Wholesale_Electricity/MMSDM/2020/
  fetch_noop[ 103]  /Data_Archive/Wholesale_Electricity/MMSDM/2021/
  fetch_noop[ 104]  /Data_Archive/Wholesale_Electricity/MMSDM/2022/
  fetch_noop[ 105]  /Data_Archive/Wholesale_Electricity/MMSDM/2023/
  fetch_noop[ 106]  /Data_Archive/Wholesale_Electricity/MMSDM/2024/
  fetch_noop[ 107]  /Data_Archive/Wholesale_Electricity/MMSDM/2025/
  fetch_noop[ 108]  /Data_Archive/Wholesale_Electricity/MMSDM/2026/
  fetch_noop[ 109]  /Data_Archive/Wholesale_Electricity/MMSDM/MTPASA_DATA_EXPORT/
  fetch_noop[ 110]  /Data_Archive/Wholesale_Electricity/NEMDE/2009/
  fetch_noop[ 111]  /Data_Archive/Wholesale_Electricity/NEMDE/2010/
  fetch_noop[ 112]  /Data_Archive/Wholesale_Electricity/NEMDE/2011/
  fetch_noop[ 113]  /Data_Archive/Wholesale_Electricity/NEMDE/2012/
  fetch_noop[ 114]  /Data_Archive/Wholesale_Electricity/NEMDE/2013/
  fetch_noop[ 115]  /Data_Archive/Wholesale_Electricity/NEMDE/2014/
  fetch_noop[ 116]  /Data_Archive/Wholesale_Electricity/NEMDE/2015/
  fetch_noop[ 117]  /Data_Archive/Wholesale_Electricity/NEMDE/2016/
  fetch_noop[ 118]  /Data_Archive/Wholesale_Electricity/NEMDE/2017/
  fetch_noop[ 119]  /Data_Archive/Wholesale_Electricity/NEMDE/2018/
  fetch_noop[ 120]  /Data_Archive/Wholesale_Electricity/NEMDE/2019/
  fetch_noop[ 121]  /Data_Archive/Wholesale_Electricity/NEMDE/2020/
  fetch_noop[ 122]  /Data_Archive/Wholesale_Electricity/NEMDE/2021/
  fetch_noop[ 123]  /Data_Archive/Wholesale_Electricity/NEMDE/2022/
  fetch_noop[ 124]  /Data_Archive/Wholesale_Electricity/NEMDE/2023/
  fetch_noop[ 125]  /Data_Archive/Wholesale_Electricity/NEMDE/2024/
  fetch_noop[ 126]  /Data_Archive/Wholesale_Electricity/NEMDE/2025/
  fetch_noop[ 127]  /Data_Archive/Wholesale_Electricity/NEMDE/2026/

── wave 5: 342 paths, budget=9703, threads=1 ──
  fetch_noop[ 128]  /Reports/CURRENT/ECGS/ECGS_Notices/Attachments/
  fetch_noop[ 129]  /Reports/CURRENT/MMSDataModelReport/Electricity/Electricity%20Data%20Model%20Report_files/
  fetch_noop[ 130]  /Reports/CURRENT/MMSDataModelReport/Electricity/Header_Blue_files/
  fetch_noop[ 131]  /Reports/CURRENT/MMSDataModelReport/Electricity/MMS%20Data%20Model%20Report_files/
  fetch_noop[ 132]  /Reports/CURRENT/MMSDataModelReport/Gas/Gas%20Data%20Model%20Report_files/
  fetch_noop[ 133]  /Reports/CURRENT/MMSDataModelReport/Gas/Gas%20MMS%20Data%20Model%20Report_files/

── wave 6: 340 paths, budget=9697, threads=1 ──
  fetch_noop[ 134]  /Reports/CURRENT/MMSDataModelReport/Electricity/Electricity%20Data%20Model%20Report_files/Blue_Theme_files/
  fetch_noop[ 135]  /Reports/CURRENT/MMSDataModelReport/Electricity/Electricity%20Data%20Model%20Report_files/Header_Blue_files/
  fetch_noop[ 136]  /Reports/CURRENT/MMSDataModelReport/Gas/Gas%20Data%20Model%20Report_files/Blue_Theme_files/
  fetch_noop[ 137]  /Reports/CURRENT/MMSDataModelReport/Gas/Gas%20Data%20Model%20Report_files/Header_Blue_files/

── wave 7: 1643 paths, budget=9693, threads=1 ──

── wave 8: 116 paths, budget=9693, threads=1 ──

── wave 9: 123 paths, budget=9693, threads=1 ──

Done. fetched=170  fetch_noop=137  reused=2556  skipped=0  under nemweb-mirror/
